<?xml version="1.0" encoding="windows-1252" standalone="no"?>
<!DOCTYPE log SYSTEM "logger.dtd">
<log>
<record>
  <date>2018-02-14T14:54:53</date>
  <millis>1518638093305</millis>
  <sequence>4</sequence>
  <logger>org.uma.jmetal.util.JMetalLogger</logger>
  <level>INFO</level>
  <class>org.uma.jmetal.util.JMetalLogger</class>
  <method>configureLoggers</method>
  <thread>1</thread>
  <message>Loggers configured with null</message>
</record>
<record>
  <date>2018-02-14T14:54:53</date>
  <millis>1518638093327</millis>
  <sequence>5</sequence>
  <logger>org.uma.jmetal.util.JMetalLogger</logger>
  <level>SEVERE</level>
  <class>org.uma.jmetal.util.JMetalException</class>
  <method>&lt;init&gt;</method>
  <thread>1</thread>
  <message>Class.forName() did not recognized the name of the class</message>
  <exception>
    <message>java.lang.ClassNotFoundException: co.edu.unicauca.training_testing.AutoMpg</message>
    <frame>
      <class>java.net.URLClassLoader</class>
      <method>findClass</method>
      <line>381</line>
    </frame>
    <frame>
      <class>java.lang.ClassLoader</class>
      <method>loadClass</method>
      <line>424</line>
    </frame>
    <frame>
      <class>sun.misc.Launcher$AppClassLoader</class>
      <method>loadClass</method>
      <line>335</line>
    </frame>
    <frame>
      <class>java.lang.ClassLoader</class>
      <method>loadClass</method>
      <line>357</line>
    </frame>
    <frame>
      <class>java.lang.Class</class>
      <method>forName0</method>
    </frame>
    <frame>
      <class>java.lang.Class</class>
      <method>forName</method>
      <line>264</line>
    </frame>
    <frame>
      <class>org.uma.jmetal.util.ProblemUtils</class>
      <method>loadProblem</method>
      <line>23</line>
    </frame>
    <frame>
      <class>co.edu.unicauca.exec.HSRunner</class>
      <method>ejecutar</method>
      <line>93</line>
    </frame>
    <frame>
      <class>co.edu.unicauca.exec.HSRunner</class>
      <method>main</method>
      <line>29</line>
    </frame>
  </exception>
</record>
</log>
